Exporter version: 3.3.1, Blender version: 3.6.1
========= Conversion from Blender to Babylon.js =========
	Scene settings used :
		Inline textures     :  false
		Material Type       :  PBR
		Positions Precision :  4
		Normals Precision   :  3
		UVs Precision       :  3
		Vert Color Precision:  3
		Mat Weight Precision:  2
		Keep Z-up r-handed  :  no
		Texture directory   :  C:\Users\blaki\Documents\Babylon\
			processing texture studio_small_07_512
	Python World class constructor completed
	WARNING: No active camera has been assigned, or is not in a currently enabled collection
	processing begun of mesh:  model_13
		processing begun of material:  Material.001
		num positions      :  96555
		num normals        :  96555
		num tangents       :  386220
		num uvs            :  0
		num uvs2           :  0
		num colors         :  0
		num triangles      :  33153
		WARNING: # of 0 area faces found:  4
========= Writing of JSON file started =========
	writing mesh:  model_13
========= Writing of JSON file completed =========
========= end of processing =========
elapsed time:  0 min, 2.2017 secs
